{"/home/sp/Code/OutSoursing/logi-home/components/Counter.vue": {"path":"/home/sp/Code/OutSoursing/logi-home/components/Counter.vue","all":false,"statementMap":{"0":{"start":{"line":1,"column":0},"end":{"line":1,"column":24}},"1":{"start":{"line":2,"column":0},"end":{"line":2,"column":41}},"2":{"start":{"line":3,"column":0},"end":{"line":3,"column":27}},"3":{"start":{"line":4,"column":0},"end":{"line":4,"column":17}},"4":{"start":{"line":5,"column":0},"end":{"line":5,"column":4}},"5":{"start":{"line":6,"column":0},"end":{"line":6,"column":0}},"6":{"start":{"line":7,"column":0},"end":{"line":7,"column":53}},"7":{"start":{"line":8,"column":0},"end":{"line":8,"column":9}},"8":{"start":{"line":9,"column":0},"end":{"line":9,"column":0}},"9":{"start":{"line":10,"column":0},"end":{"line":10,"column":10}},"10":{"start":{"line":11,"column":0},"end":{"line":11,"column":7}},"11":{"start":{"line":12,"column":0},"end":{"line":12,"column":15}},"12":{"start":{"line":13,"column":0},"end":{"line":13,"column":39}},"13":{"start":{"line":14,"column":0},"end":{"line":14,"column":7}},"14":{"start":{"line":15,"column":0},"end":{"line":15,"column":13}},"15":{"start":{"line":16,"column":0},"end":{"line":16,"column":39}},"16":{"start":{"line":17,"column":0},"end":{"line":17,"column":7}},"17":{"start":{"line":18,"column":0},"end":{"line":18,"column":13}},"18":{"start":{"line":19,"column":0},"end":{"line":19,"column":8}},"19":{"start":{"line":20,"column":0},"end":{"line":20,"column":11}}},"s":{"0":1,"1":1,"2":1,"3":1,"4":1,"5":1,"6":1,"7":1,"8":1,"9":1,"10":1,"11":1,"12":1,"13":1,"14":1,"15":1,"16":1,"17":1,"18":1,"19":1},"branchMap":{"0":{"type":"branch","line":13,"loc":{"start":{"line":13,"column":30},"end":{"line":13,"column":39}},"locations":[{"start":{"line":13,"column":30},"end":{"line":13,"column":39}}]},"1":{"type":"branch","line":16,"loc":{"start":{"line":16,"column":30},"end":{"line":16,"column":39}},"locations":[{"start":{"line":16,"column":30},"end":{"line":16,"column":39}}]},"2":{"type":"branch","line":13,"loc":{"start":{"line":13,"column":30},"end":{"line":13,"column":39}},"locations":[{"start":{"line":13,"column":30},"end":{"line":13,"column":39}}]},"3":{"type":"branch","line":16,"loc":{"start":{"line":16,"column":30},"end":{"line":16,"column":39}},"locations":[{"start":{"line":16,"column":30},"end":{"line":16,"column":39}}]}},"b":{"0":[2],"1":[2],"2":[1],"3":[1]},"fnMap":{"0":{"name":"__vite_ssr_import_2__.createElementBlock.__vite_ssr_import_2__.createElementVNode.onClick._cache.<computed>._cache.<computed>","decl":{"start":{"line":13,"column":30},"end":{"line":13,"column":39}},"loc":{"start":{"line":13,"column":30},"end":{"line":13,"column":39}},"line":13},"1":{"name":"__vite_ssr_import_2__.createElementBlock.__vite_ssr_import_2__.createElementVNode.onClick._cache.<computed>._cache.<computed>","decl":{"start":{"line":16,"column":30},"end":{"line":16,"column":39}},"loc":{"start":{"line":16,"column":30},"end":{"line":16,"column":39}},"line":16}},"f":{"0":1,"1":1}}
,"/home/sp/Code/OutSoursing/logi-home/utils/validators.ts": {"path":"/home/sp/Code/OutSoursing/logi-home/utils/validators.ts","all":false,"statementMap":{"0":{"start":{"line":1,"column":0},"end":{"line":1,"column":39}},"1":{"start":{"line":2,"column":0},"end":{"line":2,"column":72}},"2":{"start":{"line":3,"column":0},"end":{"line":3,"column":0}},"3":{"start":{"line":4,"column":0},"end":{"line":4,"column":42}},"4":{"start":{"line":5,"column":0},"end":{"line":5,"column":56}},"5":{"start":{"line":6,"column":0},"end":{"line":6,"column":0}},"6":{"start":{"line":7,"column":0},"end":{"line":7,"column":50}},"7":{"start":{"line":8,"column":0},"end":{"line":8,"column":24}},"8":{"start":{"line":9,"column":0},"end":{"line":9,"column":25}},"9":{"start":{"line":10,"column":0},"end":{"line":10,"column":2}},"10":{"start":{"line":11,"column":0},"end":{"line":11,"column":0}},"11":{"start":{"line":12,"column":0},"end":{"line":12,"column":77}},"12":{"start":{"line":13,"column":0},"end":{"line":13,"column":34}},"13":{"start":{"line":14,"column":0},"end":{"line":14,"column":33}},"14":{"start":{"line":15,"column":0},"end":{"line":15,"column":39}},"15":{"start":{"line":16,"column":0},"end":{"line":16,"column":9}},"16":{"start":{"line":17,"column":0},"end":{"line":17,"column":40}},"17":{"start":{"line":18,"column":0},"end":{"line":18,"column":0}},"18":{"start":{"line":19,"column":0},"end":{"line":19,"column":68}},"19":{"start":{"line":20,"column":0},"end":{"line":20,"column":37}},"20":{"start":{"line":21,"column":0},"end":{"line":21,"column":0}},"21":{"start":{"line":22,"column":0},"end":{"line":22,"column":70}},"22":{"start":{"line":23,"column":0},"end":{"line":23,"column":0}},"23":{"start":{"line":24,"column":0},"end":{"line":24,"column":79}},"24":{"start":{"line":25,"column":0},"end":{"line":25,"column":0}},"25":{"start":{"line":26,"column":0},"end":{"line":26,"column":58}},"26":{"start":{"line":27,"column":0},"end":{"line":27,"column":0}},"27":{"start":{"line":28,"column":0},"end":{"line":28,"column":70}}},"s":{"0":1,"1":1,"2":1,"3":1,"4":0,"5":1,"6":1,"7":0,"8":0,"9":0,"10":1,"11":1,"12":2,"13":1,"14":0,"15":0,"16":0,"17":1,"18":1,"19":0,"20":1,"21":1,"22":1,"23":1,"24":1,"25":1,"26":1,"27":1},"branchMap":{"0":{"type":"branch","line":2,"loc":{"start":{"line":2,"column":66},"end":{"line":2,"column":72}},"locations":[{"start":{"line":2,"column":66},"end":{"line":2,"column":72}}]},"1":{"type":"branch","line":2,"loc":{"start":{"line":2,"column":66},"end":{"line":2,"column":72}},"locations":[{"start":{"line":2,"column":66},"end":{"line":2,"column":72}}]},"2":{"type":"branch","line":12,"loc":{"start":{"line":12,"column":27},"end":{"line":13,"column":34}},"locations":[{"start":{"line":12,"column":27},"end":{"line":13,"column":34}}]},"3":{"type":"branch","line":13,"loc":{"start":{"line":13,"column":22},"end":{"line":13,"column":34}},"locations":[{"start":{"line":13,"column":22},"end":{"line":13,"column":34}}]}},"b":{"0":[2],"1":[0],"2":[2],"3":[0]},"fnMap":{"0":{"name":"isEmail","decl":{"start":{"line":2,"column":66},"end":{"line":2,"column":72}},"loc":{"start":{"line":2,"column":66},"end":{"line":2,"column":72}},"line":2},"1":{"name":"isPassword","decl":{"start":{"line":4,"column":26},"end":{"line":5,"column":56}},"loc":{"start":{"line":4,"column":26},"end":{"line":5,"column":56}},"line":4},"2":{"name":"isOkNullPassword","decl":{"start":{"line":7,"column":32},"end":{"line":10,"column":2}},"loc":{"start":{"line":7,"column":32},"end":{"line":10,"column":2}},"line":7},"3":{"name":"checkLength","decl":{"start":{"line":12,"column":27},"end":{"line":13,"column":34}},"loc":{"start":{"line":12,"column":27},"end":{"line":13,"column":34}},"line":12},"4":{"name":"checkLengthEqual","decl":{"start":{"line":14,"column":32},"end":{"line":17,"column":40}},"loc":{"start":{"line":14,"column":32},"end":{"line":17,"column":40}},"line":14},"5":{"name":"checkInRange","decl":{"start":{"line":19,"column":28},"end":{"line":20,"column":37}},"loc":{"start":{"line":19,"column":28},"end":{"line":20,"column":37}},"line":19},"6":{"name":"checkNotNull","decl":{"start":{"line":22,"column":28},"end":{"line":22,"column":70}},"loc":{"start":{"line":22,"column":28},"end":{"line":22,"column":70}},"line":22},"7":{"name":"isObject","decl":{"start":{"line":24,"column":24},"end":{"line":24,"column":79}},"loc":{"start":{"line":24,"column":24},"end":{"line":24,"column":79}},"line":24},"8":{"name":"isDigitStr","decl":{"start":{"line":26,"column":26},"end":{"line":26,"column":58}},"loc":{"start":{"line":26,"column":26},"end":{"line":26,"column":58}},"line":26},"9":{"name":"isPhone","decl":{"start":{"line":28,"column":23},"end":{"line":28,"column":70}},"loc":{"start":{"line":28,"column":23},"end":{"line":28,"column":70}},"line":28}},"f":{"0":2,"1":0,"2":0,"3":2,"4":0,"5":0,"6":0,"7":0,"8":0,"9":0}}
}
